Increment Time CutbackLevel Converged IterationsNeeded
           1   1.0000000000000000E-002           0 T           4
           2   2.0000000000000000E-002           0 T           2
           3   2.9999999999999999E-002           0 T           2
           4   4.0000000000000001E-002           0 T           1
           5   5.0000000000000003E-002           0 T           1
           6   6.0000000000000005E-002           0 T           1
           7   7.0000000000000007E-002           0 T           1
           8   8.0000000000000002E-002           0 T           1
           9   8.9999999999999997E-002           0 T           1
          10   9.9999999999999992E-002           0 T           1
          11  0.10999999999999999                0 T           1
          12  0.11999999999999998                0 T           1
          13  0.12999999999999998                0 T           1
          14  0.13999999999999999                0 T           1
          15  0.14999999999999999                0 T           1
          16  0.16000000000000000                0 T           1
          17  0.17000000000000001                0 T           1
          18  0.18000000000000002                0 T           1
          19  0.19000000000000003                0 T           1
          20  0.20000000000000004                0 T           1
          21  0.21000000000000005                0 T           1
          22  0.22000000000000006                0 T           1
          23  0.23000000000000007                0 T           1
          24  0.24000000000000007                0 T           1
          25  0.25000000000000006                0 T           1
          26  0.26000000000000006                0 T           1
          27  0.27000000000000007                0 T           1
          28  0.28000000000000008                0 T           1
          29  0.29000000000000009                0 T           1
          30  0.30000000000000010                0 T           1
          31  0.31000000000000011                0 T           1
          32  0.32000000000000012                0 T           1
          33  0.33000000000000013                0 T           1
          34  0.34000000000000014                0 T           1
          35  0.35000000000000014                0 T           1
          36  0.36000000000000015                0 T           1
          37  0.37000000000000016                0 T           1
          38  0.38000000000000017                0 T           1
          39  0.39000000000000018                0 T           1
          40  0.40000000000000019                0 T           1
          41  0.41000000000000020                0 T           1
          42  0.42000000000000021                0 T           1
          43  0.43000000000000022                0 T           1
          44  0.44000000000000022                0 T           1
          45  0.45000000000000023                0 T           1
          46  0.46000000000000024                0 T           1
          47  0.47000000000000025                0 T           1
          48  0.48000000000000026                0 T           1
          49  0.49000000000000027                0 T           1
          50  0.50000000000000022                0 T           1
          51  0.51000000000000023                0 T           1
          52  0.52000000000000024                0 T           1
          53  0.53000000000000025                0 T           1
          54  0.54000000000000026                0 T           1
          55  0.55000000000000027                0 T           1
          56  0.56000000000000028                0 T           1
          57  0.57000000000000028                0 T           1
          58  0.58000000000000029                0 T           1
          59  0.59000000000000030                0 T           2
          60  0.60000000000000031                0 T           2
          61  0.61000000000000032                0 T           1
          62  0.62000000000000033                0 T           2
          63  0.63000000000000034                0 T           2
          64  0.64000000000000035                0 T           3
          65  0.65000000000000036                0 T           3
          66  0.66000000000000036                0 T           3
          67  0.67000000000000037                0 T           3
          68  0.68000000000000038                0 T           4
          69  0.69000000000000039                0 T           4
          70  0.70000000000000040                0 T           5
          71  0.71000000000000041                0 T           6
          72  0.72000000000000042                0 T           7
          73  0.73000000000000043                0 T           8
          74  0.74000000000000044                0 T          11
          75  0.75000000000000044                0 T          19
